<?xml version="1.0" encoding="UTF-8"?>
<!-- Generated by org.testng.reporters.JUnitXMLReporter -->
<testsuite ignored="16" hostname="LP-1760" failures="2" tests="52" name="Smoke Test" time="404.187" errors="0" timestamp="2024-12-21T10:27:37 IST">
  <testcase classname="testCase.LoginTest" name="InvalidLoginSignup" time="19.179"/>
  <testcase classname="testCase.LoginTest" name="automateLoginSignup" time="15.233"/>
  <testcase classname="testCase.HomepageTest" name="testClickingHomepageSections" time="39.446"/>
  <testcase classname="testCase.Brand_Clip" name="NavigateToMultipleBrandPages" time="46.018"/>
  <testcase classname="testCase.Brand_Clip" name="verifyMoreFilters" time="9.65"/>
  <testcase classname="testCase.Brand_Clip" name="verifySortFilter" time="7.908"/>
  <testcase classname="testCase.Brand_Clip" name="removefilter" time="2.039"/>
  <testcase classname="testCase.Brand_Clip" name="switchBackToFirstTab" time="5.148"/>
  <testcase classname="testCase.Search_Clip" name="autoSuggestSearchFlow" time="6.554"/>
  <testcase classname="testCase.Search_Clip" name="directSearchFlow" time="2.481"/>
  <testcase classname="testCase.Search_Clip" name="diveIntoCatSearchFlow" time="4.887"/>
  <testcase classname="testCase.Search_Clip" name="searchClipFilters" time="11.059">
    <failure type="java.lang.IllegalArgumentException" message="Cannot find elements when the XPath is null.">
      <![CDATA[java.lang.IllegalArgumentException: Cannot find elements when the XPath is null.
at org.openqa.selenium.internal.Require$ArgumentChecker.nonNull(Require.java:214)
at org.openqa.selenium.By$ByXPath.<init>(By.java:286)
at org.openqa.selenium.By.xpath(By.java:89)
at testCase.Search_Clip.searchClipFilters(Search_Clip.java:164)
at java.base/java.util.ArrayList.forEach(ArrayList.java:1511)
... Removed 27 stack frames]]>
    </failure>
  </testcase> <!-- searchClipFilters -->
  <testcase classname="testCase.Search_Clip" name="addToWishlist" time="0.135"/>
  <testcase classname="testCase.Search_Clip" name="pagination" time="2.549"/>
  <testcase classname="testCase.Search_Clip" name="popularSearches" time="2.9"/>
  <testcase classname="testCase.Search_Clip" name="backToHomepage" time="0.171"/>
  <testcase classname="testCase.Normal_Clip" name="testFurnitureMenu" time="16.587"/>
  <testcase classname="testCase.Normal_Clip" name="testHomeDecorMenu" time="14.381"/>
  <testcase classname="testCase.Normal_Clip" name="testMattressesMenu" time="11.377"/>
  <testcase classname="testCase.Normal_Clip" name="verifyFurnitureFilters" time="9.148"/>
  <testcase classname="testCase.Normal_Clip" name="verifyHomeDecorFilters" time="8.266"/>
  <testcase classname="testCase.Normal_Clip" name="verifyMattressesFilters" time="8.391"/>
  <testcase classname="testCase.VipTest" name="vipAllScenarios" time="35.221"/>
  <testcase classname="testCase.CartTest" name="verifyCartItems" time="0.735"/>
  <testcase classname="testCase.CartTest" name="verifyCartProductName" time="0.567"/>
  <testcase classname="testCase.CartTest" name="clickOnWishlistCTA" time="0.144"/>
  <testcase classname="testCase.CartTest" name="switchFocusToPopup" time="1.058"/>
  <testcase classname="testCase.CartTest" name="cancelPopUp" time="0.143"/>
  <testcase classname="testCase.CartTest" name="againClickOnWishlistCTA" time="0.122"/>
  <testcase classname="testCase.CartTest" name="againSwitchFocusToPopup" time="0.761"/>
  <testcase classname="testCase.CartTest" name="cancelWishListing" time="0.627"/>
  <testcase classname="testCase.CartTest" name="verifyDeliveryFee" time="0.033"/>
  <testcase classname="testCase.CartTest" name="verifyAssemblyFee" time="0.036"/>
  <testcase classname="testCase.CartTest" name="verifyPriceChangeWithFurnitureProtection" time="1.681"/>
  <testcase classname="testCase.CartTest" name="verifyDeliveryByText" time="0.538"/>
  <testcase classname="testCase.CartTest" name="verifyCartMrp" time="0.582"/>
  <testcase classname="testCase.CartTest" name="verifyCartSummaryFurnitureProtection" time="0.675"/>
  <testcase classname="testCase.CartTest" name="verifySubTotalOnCart" time="2.064"/>
  <testcase classname="testCase.CartTest" name="verifyYouPayPrice" time="1.078"/>
  <testcase classname="testCase.CartTest" name="verifyYouSavePrice" time="1.2"/>
  <testcase classname="testCase.CartTest" name="enterGSTINAndSave" time="8.732"/>
  <testcase classname="testCase.PaymentTest" name="searchTestSku" time="13.151"/>
  <testcase classname="testCase.PaymentTest" name="axisBankInternetBankingPM" time="12.471"/>
  <testcase classname="testCase.PaymentTest" name="hdfcBankInternetBankingPM" time="14.652"/>
  <testcase classname="testCase.PaymentTest" name="mobikwikWallet" time="14.289"/>
  <testcase classname="testCase.PaymentTest" name="paytmWallet" time="17.993"/>
  <testcase classname="testCase.PaymentTest" name="giftCard" time="16.74"/>
  <testcase classname="testCase.Order_Confirmation" name="verifyOrderPlacement" time="2.256"/>
  <testcase classname="testCase.Order_Confirmation" name="verifyPaymentMethod" time="0.078"/>
  <testcase classname="testCase.Order_Confirmation" name="verifyAddress" time="0.039"/>
  <testcase classname="testCase.Order_Confirmation" name="verifyCouponGenerated" time="1.204"/>
  <testcase classname="testCase.Order_Confirmation" name="verifyTrackItem" time="10.321">
    <failure type="org.openqa.selenium.TimeoutException" message="Expected condition failed: waiting for element to be clickable: By.xpath: //a[normalize-space()=&amp;apos;Track Item&amp;apos;] (tried for 10 second(s) with 500 milliseconds interval)
Build info: version: &amp;apos;4.27.0&amp;apos;, revision: &amp;apos;d6e718d&amp;apos;
System info: os.name: &amp;apos;Windows 10&amp;apos;, os.arch: &amp;apos;amd64&amp;apos;, os.version: &amp;apos;10.0&amp;apos;, java.version: &amp;apos;17.0.5&amp;apos;
Driver info: org.openqa.selenium.chrome.ChromeDriver
Capabilities {acceptInsecureCerts: false, browserName: chrome, browserVersion: 131.0.6778.204, chrome: {chromedriverVersion: 131.0.6778.204 (52183f9e99a..., userDataDir: C:\Users\SHUBHA~1.GUM\AppDa...}, fedcm:accounts: true, goog:chromeOptions: {debuggerAddress: localhost:50602}, networkConnectionEnabled: false, pageLoadStrategy: normal, platformName: windows, proxy: Proxy(), se:cdp: ws://localhost:50602/devtoo..., se:cdpVersion: 131.0.6778.204, setWindowRect: true, strictFileInteractability: false, timeouts: {implicit: 0, pageLoad: 300000, script: 30000}, unhandledPromptBehavior: dismiss and notify, webauthn:extension:credBlob: true, webauthn:extension:largeBlob: true, webauthn:extension:minPinLength: true, webauthn:extension:prf: true, webauthn:virtualAuthenticators: true}
Session ID: 2ad0dd6c771121ef82e9e07a15f87ce3">
      <![CDATA[org.openqa.selenium.TimeoutException: Expected condition failed: waiting for element to be clickable: By.xpath: //a[normalize-space()='Track Item'] (tried for 10 second(s) with 500 milliseconds interval)
Build info: version: '4.27.0', revision: 'd6e718d'
System info: os.name: 'Windows 10', os.arch: 'amd64', os.version: '10.0', java.version: '17.0.5'
Driver info: org.openqa.selenium.chrome.ChromeDriver
Capabilities {acceptInsecureCerts: false, browserName: chrome, browserVersion: 131.0.6778.204, chrome: {chromedriverVersion: 131.0.6778.204 (52183f9e99a..., userDataDir: C:\Users\SHUBHA~1.GUM\AppDa...}, fedcm:accounts: true, goog:chromeOptions: {debuggerAddress: localhost:50602}, networkConnectionEnabled: false, pageLoadStrategy: normal, platformName: windows, proxy: Proxy(), se:cdp: ws://localhost:50602/devtoo..., se:cdpVersion: 131.0.6778.204, setWindowRect: true, strictFileInteractability: false, timeouts: {implicit: 0, pageLoad: 300000, script: 30000}, unhandledPromptBehavior: dismiss and notify, webauthn:extension:credBlob: true, webauthn:extension:largeBlob: true, webauthn:extension:minPinLength: true, webauthn:extension:prf: true, webauthn:virtualAuthenticators: true}
Session ID: 2ad0dd6c771121ef82e9e07a15f87ce3
at org.openqa.selenium.support.ui.WebDriverWait.timeoutException(WebDriverWait.java:84)
at org.openqa.selenium.support.ui.FluentWait.until(FluentWait.java:228)
at testCase.Order_Confirmation.verifyTrackItem(Order_Confirmation.java:136)
at java.base/java.util.ArrayList.forEach(ArrayList.java:1511)
... Removed 27 stack frames]]>
    </failure>
  </testcase> <!-- verifyTrackItem -->
  <testcase classname="base.BaseTest" name="@BeforeSuite setUp" time="0.0">
    <ignored/>
  </testcase> <!-- @BeforeSuite setUp -->
  <testcase classname="base.BaseTest" name="@AfterSuite tearDown" time="0.0">
    <ignored/>
  </testcase> <!-- @AfterSuite tearDown -->
  <testcase classname="base.BaseTest" name="@AfterSuite tearDown" time="0.0">
    <ignored/>
  </testcase> <!-- @AfterSuite tearDown -->
  <testcase classname="base.BaseTest" name="@BeforeSuite setUp" time="0.0">
    <ignored/>
  </testcase> <!-- @BeforeSuite setUp -->
  <testcase classname="base.BaseTest" name="@AfterSuite tearDown" time="0.0">
    <ignored/>
  </testcase> <!-- @AfterSuite tearDown -->
  <testcase classname="base.BaseTest" name="@AfterSuite tearDown" time="0.0">
    <ignored/>
  </testcase> <!-- @AfterSuite tearDown -->
  <testcase classname="base.BaseTest" name="@BeforeSuite setUp" time="0.0">
    <ignored/>
  </testcase> <!-- @BeforeSuite setUp -->
  <testcase classname="base.BaseTest" name="@AfterSuite tearDown" time="0.0">
    <ignored/>
  </testcase> <!-- @AfterSuite tearDown -->
  <testcase classname="base.BaseTest" name="@BeforeSuite setUp" time="0.0">
    <ignored/>
  </testcase> <!-- @BeforeSuite setUp -->
  <testcase classname="base.BaseTest" name="@BeforeSuite setUp" time="0.0">
    <ignored/>
  </testcase> <!-- @BeforeSuite setUp -->
  <testcase classname="base.BaseTest" name="@BeforeSuite setUp" time="0.0">
    <ignored/>
  </testcase> <!-- @BeforeSuite setUp -->
  <testcase classname="base.BaseTest" name="@BeforeSuite setUp" time="0.0">
    <ignored/>
  </testcase> <!-- @BeforeSuite setUp -->
  <testcase classname="base.BaseTest" name="@AfterSuite tearDown" time="0.0">
    <ignored/>
  </testcase> <!-- @AfterSuite tearDown -->
  <testcase classname="base.BaseTest" name="@AfterSuite tearDown" time="0.0">
    <ignored/>
  </testcase> <!-- @AfterSuite tearDown -->
  <testcase classname="base.BaseTest" name="@BeforeSuite setUp" time="0.0">
    <ignored/>
  </testcase> <!-- @BeforeSuite setUp -->
  <testcase classname="base.BaseTest" name="@AfterSuite tearDown" time="0.0">
    <ignored/>
  </testcase> <!-- @AfterSuite tearDown -->
</testsuite> <!-- Smoke Test -->
