<?xml version="1.0" encoding="UTF-8"?>
<!-- Generated by org.testng.reporters.JUnitXMLReporter -->
<testsuite ignored="18" hostname="LP-1520" failures="1" tests="33" name="Smoke Test" time="232.626" errors="0" timestamp="2024-11-14T06:58:20 IST">
  <testcase classname="testCase.LoginTest" name="InvalidLoginSignup" time="19.029"/>
  <testcase classname="testCase.LoginTest" name="automateLoginSignup" time="13.823"/>
  <testcase classname="testCase.HomepageTest" name="testClickingHomepageSections" time="37.604"/>
  <testcase classname="testCase.Normal_Clip" name="testFurnitureMenu" time="15.422"/>
  <testcase classname="testCase.Normal_Clip" name="testHomeDecorMenu" time="11.777"/>
  <testcase classname="testCase.Normal_Clip" name="testMattressesMenu" time="11.093"/>
  <testcase classname="testCase.Normal_Clip" name="verifyFurnitureFilters" time="8.72"/>
  <testcase classname="testCase.Normal_Clip" name="verifyHomeDecorFilters" time="8.793"/>
  <testcase classname="testCase.Normal_Clip" name="verifyMattressesFilters" time="8.601"/>
  <testcase classname="testCase.VipTest" name="vipAllScenarios" time="25.677"/>
  <testcase classname="testCase.CartTest" name="verifyCartItems" time="0.581"/>
  <testcase classname="testCase.CartTest" name="verifyCartProductName" time="0.558"/>
  <testcase classname="testCase.CartTest" name="clickOnWishlistCTA" time="0.135"/>
  <testcase classname="testCase.CartTest" name="switchFocusToPopup" time="1.052"/>
  <testcase classname="testCase.CartTest" name="cancelPopUp" time="0.111"/>
  <testcase classname="testCase.CartTest" name="againClickOnWishlistCTA" time="0.123"/>
  <testcase classname="testCase.CartTest" name="againSwitchFocusToPopup" time="0.54"/>
  <testcase classname="testCase.CartTest" name="cancelWishListing" time="0.651"/>
  <testcase classname="testCase.CartTest" name="verifyDeliveryFee" time="0.088"/>
  <testcase classname="testCase.CartTest" name="verifyAssemblyFee" time="10.198"/>
  <testcase classname="testCase.CartTest" name="verifyPriceChangeWithFurnitureProtection" time="1.724"/>
  <testcase classname="testCase.CartTest" name="verifyDeliveryByText" time="0.582"/>
  <testcase classname="testCase.CartTest" name="verifyCartMrp" time="0.585"/>
  <testcase classname="testCase.CartTest" name="verifyCartSummaryFurnitureProtection" time="0.557"/>
  <testcase classname="testCase.CartTest" name="verifySubTotalOnCart" time="2.068"/>
  <testcase classname="testCase.CartTest" name="verifyYouPayPrice" time="1.045"/>
  <testcase classname="testCase.CartTest" name="verifyYouSavePrice" time="1.067"/>
  <testcase classname="testCase.CartTest" name="switchBackToFirstTab" time="9.302"/>
  <testcase classname="testCase.SearchTestProduct" name="searchProductAfterLogin" time="8.564"/>
  <testcase classname="testCase.VipFlow" name="addToCartAndGoToCart" time="6.572"/>
  <testcase classname="testCase.CartFlow" name="qtyDropDown" time="1.371"/>
  <testcase classname="testCase.PaymentTest" name="paymentOptions" time="13.859"/>
  <testcase classname="testCase.OrderConfirmationPage" name="verifyOrderPlacement" time="10.078">
    <failure type="org.openqa.selenium.TimeoutException" message="Expected condition failed: waiting for visibility of element located by By.xpath: //p[@class=&amp;apos;oc-status-ttl font-bold text-lg&amp;apos;] (tried for 10 second(s) with 500 milliseconds interval)
Build info: version: &amp;apos;4.24.0&amp;apos;, revision: &amp;apos;748ffc9bc3&amp;apos;
System info: os.name: &amp;apos;Windows 10&amp;apos;, os.arch: &amp;apos;amd64&amp;apos;, os.version: &amp;apos;10.0&amp;apos;, java.version: &amp;apos;17.0.1&amp;apos;
Driver info: org.openqa.selenium.chrome.ChromeDriver
Capabilities {acceptInsecureCerts: false, browserName: chrome, browserVersion: 130.0.6723.70, chrome: {chromedriverVersion: 130.0.6723.116 (6ac35f94ae3..., userDataDir: C:\Users\Sumit\AppData\Loca...}, fedcm:accounts: true, goog:chromeOptions: {debuggerAddress: localhost:54124}, networkConnectionEnabled: false, pageLoadStrategy: normal, platformName: windows, proxy: Proxy(), se:cdp: ws://localhost:54124/devtoo..., se:cdpVersion: 130.0.6723.70, setWindowRect: true, strictFileInteractability: false, timeouts: {implicit: 0, pageLoad: 300000, script: 30000}, unhandledPromptBehavior: dismiss and notify, webauthn:extension:credBlob: true, webauthn:extension:largeBlob: true, webauthn:extension:minPinLength: true, webauthn:extension:prf: true, webauthn:virtualAuthenticators: true}
Session ID: 4d6aa9ad6239afc797cba3d0bf0f0574">
      <![CDATA[org.openqa.selenium.TimeoutException: Expected condition failed: waiting for visibility of element located by By.xpath: //p[@class='oc-status-ttl font-bold text-lg'] (tried for 10 second(s) with 500 milliseconds interval)
Build info: version: '4.24.0', revision: '748ffc9bc3'
System info: os.name: 'Windows 10', os.arch: 'amd64', os.version: '10.0', java.version: '17.0.1'
Driver info: org.openqa.selenium.chrome.ChromeDriver
Capabilities {acceptInsecureCerts: false, browserName: chrome, browserVersion: 130.0.6723.70, chrome: {chromedriverVersion: 130.0.6723.116 (6ac35f94ae3..., userDataDir: C:\Users\Sumit\AppData\Loca...}, fedcm:accounts: true, goog:chromeOptions: {debuggerAddress: localhost:54124}, networkConnectionEnabled: false, pageLoadStrategy: normal, platformName: windows, proxy: Proxy(), se:cdp: ws://localhost:54124/devtoo..., se:cdpVersion: 130.0.6723.70, setWindowRect: true, strictFileInteractability: false, timeouts: {implicit: 0, pageLoad: 300000, script: 30000}, unhandledPromptBehavior: dismiss and notify, webauthn:extension:credBlob: true, webauthn:extension:largeBlob: true, webauthn:extension:minPinLength: true, webauthn:extension:prf: true, webauthn:virtualAuthenticators: true}
Session ID: 4d6aa9ad6239afc797cba3d0bf0f0574
at org.openqa.selenium.support.ui.WebDriverWait.timeoutException(WebDriverWait.java:84)
at org.openqa.selenium.support.ui.FluentWait.until(FluentWait.java:228)
at testCase.OrderConfirmationPage.verifyOrderPlacement(OrderConfirmationPage.java:20)
at java.base/java.util.ArrayList.forEach(ArrayList.java:1511)
... Removed 31 stack frames]]>
    </failure>
  </testcase> <!-- verifyOrderPlacement -->
  <testcase classname="base.BaseTest" name="@BeforeSuite setUp" time="0.0">
    <ignored/>
  </testcase> <!-- @BeforeSuite setUp -->
  <testcase classname="base.BaseTest" name="@AfterSuite tearDown" time="0.0">
    <ignored/>
  </testcase> <!-- @AfterSuite tearDown -->
  <testcase classname="base.BaseTest" name="@BeforeSuite setUp" time="0.0">
    <ignored/>
  </testcase> <!-- @BeforeSuite setUp -->
  <testcase classname="base.BaseTest" name="@AfterSuite tearDown" time="0.0">
    <ignored/>
  </testcase> <!-- @AfterSuite tearDown -->
  <testcase classname="base.BaseTest" name="@AfterSuite tearDown" time="0.0">
    <ignored/>
  </testcase> <!-- @AfterSuite tearDown -->
  <testcase classname="base.BaseTest" name="@AfterSuite tearDown" time="0.0">
    <ignored/>
  </testcase> <!-- @AfterSuite tearDown -->
  <testcase classname="base.BaseTest" name="@BeforeSuite setUp" time="0.0">
    <ignored/>
  </testcase> <!-- @BeforeSuite setUp -->
  <testcase classname="base.BaseTest" name="@AfterSuite tearDown" time="0.0">
    <ignored/>
  </testcase> <!-- @AfterSuite tearDown -->
  <testcase classname="base.BaseTest" name="@AfterSuite tearDown" time="0.0">
    <ignored/>
  </testcase> <!-- @AfterSuite tearDown -->
  <testcase classname="base.BaseTest" name="@BeforeSuite setUp" time="0.0">
    <ignored/>
  </testcase> <!-- @BeforeSuite setUp -->
  <testcase classname="base.BaseTest" name="@BeforeSuite setUp" time="0.0">
    <ignored/>
  </testcase> <!-- @BeforeSuite setUp -->
  <testcase classname="base.BaseTest" name="@AfterSuite tearDown" time="0.0">
    <ignored/>
  </testcase> <!-- @AfterSuite tearDown -->
  <testcase classname="base.BaseTest" name="@AfterSuite tearDown" time="0.0">
    <ignored/>
  </testcase> <!-- @AfterSuite tearDown -->
  <testcase classname="base.BaseTest" name="@BeforeSuite setUp" time="0.0">
    <ignored/>
  </testcase> <!-- @BeforeSuite setUp -->
  <testcase classname="base.BaseTest" name="@AfterSuite tearDown" time="0.0">
    <ignored/>
  </testcase> <!-- @AfterSuite tearDown -->
  <testcase classname="base.BaseTest" name="@BeforeSuite setUp" time="0.0">
    <ignored/>
  </testcase> <!-- @BeforeSuite setUp -->
  <testcase classname="base.BaseTest" name="@BeforeSuite setUp" time="0.0">
    <ignored/>
  </testcase> <!-- @BeforeSuite setUp -->
  <testcase classname="base.BaseTest" name="@BeforeSuite setUp" time="0.0">
    <ignored/>
  </testcase> <!-- @BeforeSuite setUp -->
</testsuite> <!-- Smoke Test -->
